<?xml version="1.0" encoding="UTF-8"?>
<!-- Generated by org.testng.reporters.JUnitReportReporter -->
<testsuite hostname="DESKTOP-APE84RP" failures="0" tests="1" name="api.test.LoginTests" time="3.144" errors="0" timestamp="2024-02-25T21:45:29 PKT" skipped="0">
  <testcase classname="api.test.LoginTests" name="LoginTechnicianTest" time="3.144"/>
</testsuite> <!-- api.test.LoginTests -->
